<?xml version="1.0" encoding="UTF-8" standalone="yes" ?>
<test-results name="D:\git-demos\delphi\Win32\Debug\Project2.exe" total="2" errors="0" failures="0" ignored="0" inconclusive="0" not-run="0" skipped="0" invalid="0" date="2025-02-10" time="7.183">
  <culture-info current-culture="en" current-uiculture="en" />
  <test-suite type="Assembly" name="Project2.exe" executed="true" result="Success" success="True" time="7.183" asserts="0">
    <results>
        <test-suite type="Namespace" name="TestValidationX" executed="true" result="Success" success="True" time="7.182" asserts="0" >
          <results>
              <test-suite type="Fixture" name="TMyTestObject" executed="True" result="Success" success="True" time="7.182" >
                <results>
                  <test-case name="Test1" executed="True" result="Success" success="True" time="3.063" asserts="0" />
                  <test-case name="Test2" executed="True" result="Success" success="True" time="4.119" asserts="0" />
                </results>
              </test-suite>
          </results>
        </test-suite>
    </results>
  </test-suite>
</test-results>
